{"C:\\Users\\Митрий\\Desktop\\dev\\stellar-burgers\\src\\services\\store.ts": {"path":"C:\\Users\\Митрий\\Desktop\\dev\\stellar-burgers\\src\\services\\store.ts","statementMap":{"0":{"start":{"line":1,"column":0},"end":{"line":1,"column":67}},"1":{"start":{"line":3,"column":0},"end":{"line":3,"column":45}},"2":{"start":{"line":4,"column":0},"end":{"line":4,"column":45}},"3":{"start":{"line":5,"column":0},"end":{"line":5,"column":59}},"4":{"start":{"line":6,"column":0},"end":{"line":6,"column":59}},"5":{"start":{"line":7,"column":0},"end":{"line":7,"column":47}},"6":{"start":{"line":9,"column":0},"end":{"line":9,"column":null}},"7":{"start":{"line":15,"column":13},"end":{"line":21,"column":3}},"8":{"start":{"line":23,"column":14},"end":{"line":26,"column":2}},"9":{"start":{"line":32,"column":46},"end":{"line":32,"column":64}},"10":{"start":{"line":32,"column":52},"end":{"line":32,"column":67}},"11":{"start":{"line":32,"column":13},"end":{"line":32,"column":46}},"12":{"start":{"line":33,"column":13},"end":{"line":33,"column":73}},"13":{"start":{"line":35,"column":0},"end":{"line":35,"column":21}}},"fnMap":{"0":{"name":"(anonymous_1)","decl":{"start":{"line":32,"column":46},"end":{"line":32,"column":52}},"loc":{"start":{"line":32,"column":46},"end":{"line":32,"column":64}}}},"branchMap":{},"s":{"0":1,"1":1,"2":1,"3":1,"4":1,"5":1,"6":1,"7":1,"8":1,"9":1,"10":0,"11":1,"12":1,"13":1},"f":{"0":0},"b":{}}
,"C:\\Users\\Митрий\\Desktop\\dev\\stellar-burgers\\src\\services\\slices\\constructorSlice.ts": {"path":"C:\\Users\\Митрий\\Desktop\\dev\\stellar-burgers\\src\\services\\slices\\constructorSlice.ts","statementMap":{"0":{"start":{"line":1,"column":0},"end":{"line":1,"column":65}},"1":{"start":{"line":3,"column":0},"end":{"line":3,"column":38}},"2":{"start":{"line":16,"column":39},"end":{"line":25,"column":2}},"3":{"start":{"line":98,"column":25},"end":{"line":98,"column":48}},"4":{"start":{"line":27,"column":13},"end":{"line":30,"column":2}},"5":{"start":{"line":29,"column":22},"end":{"line":29,"column":null}},"6":{"start":{"line":32,"column":25},"end":{"line":96,"column":2}},"7":{"start":{"line":37,"column":6},"end":{"line":41,"column":7}},"8":{"start":{"line":38,"column":8},"end":{"line":38,"column":52}},"9":{"start":{"line":40,"column":8},"end":{"line":40,"column":64}},"10":{"start":{"line":44,"column":6},"end":{"line":47,"column":10}},"11":{"start":{"line":46,"column":26},"end":{"line":46,"column":null}},"12":{"start":{"line":50,"column":6},"end":{"line":50,"column":42}},"13":{"start":{"line":53,"column":6},"end":{"line":53,"column":34}},"14":{"start":{"line":56,"column":6},"end":{"line":58,"column":null}},"15":{"start":{"line":65,"column":6},"end":{"line":67,"column":null}},"16":{"start":{"line":76,"column":4},"end":{"line":94,"column":9}},"17":{"start":{"line":78,"column":8},"end":{"line":78,"column":31}},"18":{"start":{"line":79,"column":8},"end":{"line":79,"column":27}},"19":{"start":{"line":81,"column":55},"end":{"line":81,"column":57}},"20":{"start":{"line":82,"column":8},"end":{"line":82,"column":32}},"21":{"start":{"line":83,"column":8},"end":{"line":83,"column":46}},"22":{"start":{"line":85,"column":58},"end":{"line":85,"column":60}},"23":{"start":{"line":86,"column":8},"end":{"line":86,"column":32}},"24":{"start":{"line":87,"column":8},"end":{"line":87,"column":27}},"25":{"start":{"line":88,"column":8},"end":{"line":88,"column":35}},"26":{"start":{"line":89,"column":8},"end":{"line":89,"column":45}},"27":{"start":{"line":90,"column":8},"end":{"line":93,"column":10}},"28":{"start":{"line":101,"column":2},"end":{"line":106,"column":null}},"29":{"start":{"line":109,"column":38},"end":{"line":109,"column":91}},"30":{"start":{"line":109,"column":86},"end":{"line":109,"column":106}},"31":{"start":{"line":109,"column":13},"end":{"line":109,"column":38}},"32":{"start":{"line":111,"column":0},"end":{"line":111,"column":40}}},"fnMap":{"0":{"name":"(anonymous_0)","decl":{"start":{"line":29,"column":2},"end":{"line":29,"column":3}},"loc":{"start":{"line":29,"column":17},"end":{"line":29,"column":36}}},"1":{"name":"(anonymous_1)","decl":{"start":{"line":36,"column":19},"end":{"line":36,"column":20}},"loc":{"start":{"line":36,"column":33},"end":{"line":42,"column":5}}},"2":{"name":"(anonymous_2)","decl":{"start":{"line":43,"column":22},"end":{"line":43,"column":23}},"loc":{"start":{"line":43,"column":36},"end":{"line":48,"column":5}}},"3":{"name":"(anonymous_3)","decl":{"start":{"line":46,"column":10},"end":{"line":46,"column":11}},"loc":{"start":{"line":46,"column":21},"end":{"line":46,"column":36}}},"4":{"name":"(anonymous_4)","decl":{"start":{"line":49,"column":21},"end":{"line":49,"column":22}},"loc":{"start":{"line":49,"column":35},"end":{"line":51,"column":5}}},"5":{"name":"(anonymous_5)","decl":{"start":{"line":52,"column":27},"end":{"line":52,"column":28}},"loc":{"start":{"line":52,"column":33},"end":{"line":54,"column":5}}},"6":{"name":"(anonymous_6)","decl":{"start":{"line":55,"column":24},"end":{"line":55,"column":25}},"loc":{"start":{"line":55,"column":38},"end":{"line":63,"column":5}}},"7":{"name":"(anonymous_7)","decl":{"start":{"line":64,"column":22},"end":{"line":64,"column":23}},"loc":{"start":{"line":64,"column":36},"end":{"line":72,"column":5}}},"8":{"name":"(anonymous_8)","decl":{"start":{"line":75,"column":17},"end":{"line":75,"column":18}},"loc":{"start":{"line":75,"column":25},"end":{"line":95,"column":3}}},"9":{"name":"(anonymous_9)","decl":{"start":{"line":77,"column":39},"end":{"line":77,"column":40}},"loc":{"start":{"line":77,"column":45},"end":{"line":80,"column":7}}},"10":{"name":"(anonymous_10)","decl":{"start":{"line":81,"column":40},"end":{"line":81,"column":41}},"loc":{"start":{"line":81,"column":57},"end":{"line":84,"column":7}}},"11":{"name":"(anonymous_11)","decl":{"start":{"line":85,"column":41},"end":{"line":85,"column":42}},"loc":{"start":{"line":85,"column":60},"end":{"line":94,"column":7}}},"12":{"name":"(anonymous_12)","decl":{"start":{"line":109,"column":38},"end":{"line":109,"column":39}},"loc":{"start":{"line":109,"column":81},"end":{"line":109,"column":91}}}},"branchMap":{"0":{"loc":{"start":{"line":37,"column":6},"end":{"line":41,"column":7}},"type":"if","locations":[{"start":{"line":37,"column":6},"end":{"line":41,"column":7}},{"start":{"line":39,"column":13},"end":{"line":41,"column":7}}]}},"s":{"0":2,"1":2,"2":2,"3":2,"4":2,"5":0,"6":2,"7":1,"8":0,"9":1,"10":1,"11":2,"12":0,"13":0,"14":1,"15":1,"16":2,"17":0,"18":0,"19":0,"20":0,"21":0,"22":0,"23":0,"24":0,"25":0,"26":0,"27":0,"28":2,"29":2,"30":0,"31":2,"32":2},"f":{"0":0,"1":1,"2":1,"3":2,"4":0,"5":0,"6":1,"7":1,"8":2,"9":0,"10":0,"11":0,"12":0},"b":{"0":[0,1]}}
,"C:\\Users\\Митрий\\Desktop\\dev\\stellar-burgers\\src\\services\\slices\\feedSlice.ts": {"path":"C:\\Users\\Митрий\\Desktop\\dev\\stellar-burgers\\src\\services\\slices\\feedSlice.ts","statementMap":{"0":{"start":{"line":1,"column":0},"end":{"line":1,"column":65}},"1":{"start":{"line":2,"column":0},"end":{"line":2,"column":49}},"2":{"start":{"line":13,"column":32},"end":{"line":19,"column":2}},"3":{"start":{"line":69,"column":25},"end":{"line":69,"column":41}},"4":{"start":{"line":21,"column":13},"end":{"line":21,"column":74}},"5":{"start":{"line":23,"column":13},"end":{"line":26,"column":2}},"6":{"start":{"line":28,"column":13},"end":{"line":67,"column":3}},"7":{"start":{"line":33,"column":37},"end":{"line":33,"column":null}},"8":{"start":{"line":34,"column":34},"end":{"line":34,"column":null}},"9":{"start":{"line":37,"column":4},"end":{"line":65,"column":9}},"10":{"start":{"line":39,"column":8},"end":{"line":39,"column":31}},"11":{"start":{"line":40,"column":8},"end":{"line":40,"column":27}},"12":{"start":{"line":42,"column":53},"end":{"line":42,"column":55}},"13":{"start":{"line":43,"column":8},"end":{"line":43,"column":32}},"14":{"start":{"line":44,"column":8},"end":{"line":44,"column":46}},"15":{"start":{"line":46,"column":56},"end":{"line":46,"column":58}},"16":{"start":{"line":47,"column":8},"end":{"line":47,"column":32}},"17":{"start":{"line":48,"column":8},"end":{"line":48,"column":27}},"18":{"start":{"line":49,"column":8},"end":{"line":49,"column":38}},"19":{"start":{"line":50,"column":8},"end":{"line":50,"column":36}},"20":{"start":{"line":51,"column":8},"end":{"line":51,"column":46}},"21":{"start":{"line":54,"column":8},"end":{"line":54,"column":31}},"22":{"start":{"line":55,"column":8},"end":{"line":55,"column":27}},"23":{"start":{"line":57,"column":55},"end":{"line":57,"column":57}},"24":{"start":{"line":58,"column":8},"end":{"line":58,"column":32}},"25":{"start":{"line":59,"column":8},"end":{"line":59,"column":46}},"26":{"start":{"line":61,"column":58},"end":{"line":61,"column":60}},"27":{"start":{"line":62,"column":8},"end":{"line":62,"column":32}},"28":{"start":{"line":63,"column":8},"end":{"line":63,"column":27}},"29":{"start":{"line":64,"column":8},"end":{"line":64,"column":31}},"30":{"start":{"line":70,"column":15},"end":{"line":70,"column":59}},"31":{"start":{"line":72,"column":0},"end":{"line":72,"column":33}}},"fnMap":{"0":{"name":"(anonymous_0)","decl":{"start":{"line":33,"column":26},"end":{"line":33,"column":27}},"loc":{"start":{"line":33,"column":32},"end":{"line":33,"column":42}}},"1":{"name":"(anonymous_1)","decl":{"start":{"line":34,"column":23},"end":{"line":34,"column":24}},"loc":{"start":{"line":34,"column":29},"end":{"line":34,"column":39}}},"2":{"name":"(anonymous_2)","decl":{"start":{"line":36,"column":17},"end":{"line":36,"column":18}},"loc":{"start":{"line":36,"column":25},"end":{"line":66,"column":3}}},"3":{"name":"(anonymous_3)","decl":{"start":{"line":38,"column":37},"end":{"line":38,"column":38}},"loc":{"start":{"line":38,"column":43},"end":{"line":41,"column":7}}},"4":{"name":"(anonymous_4)","decl":{"start":{"line":42,"column":38},"end":{"line":42,"column":39}},"loc":{"start":{"line":42,"column":55},"end":{"line":45,"column":7}}},"5":{"name":"(anonymous_5)","decl":{"start":{"line":46,"column":39},"end":{"line":46,"column":40}},"loc":{"start":{"line":46,"column":58},"end":{"line":52,"column":7}}},"6":{"name":"(anonymous_6)","decl":{"start":{"line":53,"column":39},"end":{"line":53,"column":40}},"loc":{"start":{"line":53,"column":45},"end":{"line":56,"column":7}}},"7":{"name":"(anonymous_7)","decl":{"start":{"line":57,"column":40},"end":{"line":57,"column":41}},"loc":{"start":{"line":57,"column":57},"end":{"line":60,"column":7}}},"8":{"name":"(anonymous_8)","decl":{"start":{"line":61,"column":41},"end":{"line":61,"column":42}},"loc":{"start":{"line":61,"column":60},"end":{"line":65,"column":7}}}},"branchMap":{},"s":{"0":2,"1":2,"2":2,"3":2,"4":2,"5":2,"6":2,"7":0,"8":0,"9":2,"10":1,"11":1,"12":1,"13":1,"14":1,"15":1,"16":1,"17":1,"18":1,"19":1,"20":1,"21":1,"22":1,"23":1,"24":1,"25":1,"26":1,"27":1,"28":1,"29":1,"30":2,"31":2},"f":{"0":0,"1":0,"2":2,"3":1,"4":1,"5":1,"6":1,"7":1,"8":1},"b":{}}
,"C:\\Users\\Митрий\\Desktop\\dev\\stellar-burgers\\src\\services\\slices\\index.ts": {"path":"C:\\Users\\Митрий\\Desktop\\dev\\stellar-burgers\\src\\services\\slices\\index.ts","statementMap":{"0":{"start":{"line":1,"column":0},"end":{"line":1,"column":28}},"1":{"start":{"line":2,"column":0},"end":{"line":2,"column":28}},"2":{"start":{"line":3,"column":0},"end":{"line":3,"column":35}},"3":{"start":{"line":4,"column":0},"end":{"line":4,"column":35}},"4":{"start":{"line":5,"column":0},"end":{"line":5,"column":29}}},"fnMap":{},"branchMap":{},"s":{"0":1,"1":1,"2":1,"3":1,"4":1},"f":{},"b":{}}
,"C:\\Users\\Митрий\\Desktop\\dev\\stellar-burgers\\src\\services\\slices\\ingredientsSlice.ts": {"path":"C:\\Users\\Митрий\\Desktop\\dev\\stellar-burgers\\src\\services\\slices\\ingredientsSlice.ts","statementMap":{"0":{"start":{"line":1,"column":0},"end":{"line":1,"column":65}},"1":{"start":{"line":2,"column":0},"end":{"line":2,"column":41}},"2":{"start":{"line":11,"column":39},"end":{"line":15,"column":2}},"3":{"start":{"line":48,"column":25},"end":{"line":48,"column":48}},"4":{"start":{"line":17,"column":13},"end":{"line":20,"column":2}},"5":{"start":{"line":22,"column":25},"end":{"line":46,"column":2}},"6":{"start":{"line":27,"column":44},"end":{"line":27,"column":null}},"7":{"start":{"line":28,"column":39},"end":{"line":28,"column":null}},"8":{"start":{"line":31,"column":4},"end":{"line":44,"column":9}},"9":{"start":{"line":33,"column":8},"end":{"line":33,"column":31}},"10":{"start":{"line":34,"column":8},"end":{"line":34,"column":27}},"11":{"start":{"line":36,"column":60},"end":{"line":36,"column":62}},"12":{"start":{"line":37,"column":8},"end":{"line":37,"column":32}},"13":{"start":{"line":38,"column":8},"end":{"line":38,"column":46}},"14":{"start":{"line":40,"column":63},"end":{"line":40,"column":65}},"15":{"start":{"line":41,"column":8},"end":{"line":41,"column":32}},"16":{"start":{"line":42,"column":8},"end":{"line":42,"column":27}},"17":{"start":{"line":43,"column":8},"end":{"line":43,"column":36}},"18":{"start":{"line":49,"column":15},"end":{"line":49,"column":null}},"19":{"start":{"line":52,"column":0},"end":{"line":52,"column":40}}},"fnMap":{"0":{"name":"(anonymous_0)","decl":{"start":{"line":27,"column":33},"end":{"line":27,"column":34}},"loc":{"start":{"line":27,"column":39},"end":{"line":27,"column":49}}},"1":{"name":"(anonymous_1)","decl":{"start":{"line":28,"column":28},"end":{"line":28,"column":29}},"loc":{"start":{"line":28,"column":34},"end":{"line":28,"column":44}}},"2":{"name":"(anonymous_2)","decl":{"start":{"line":30,"column":17},"end":{"line":30,"column":18}},"loc":{"start":{"line":30,"column":25},"end":{"line":45,"column":3}}},"3":{"name":"(anonymous_3)","decl":{"start":{"line":32,"column":44},"end":{"line":32,"column":45}},"loc":{"start":{"line":32,"column":50},"end":{"line":35,"column":7}}},"4":{"name":"(anonymous_4)","decl":{"start":{"line":36,"column":45},"end":{"line":36,"column":46}},"loc":{"start":{"line":36,"column":62},"end":{"line":39,"column":7}}},"5":{"name":"(anonymous_5)","decl":{"start":{"line":40,"column":46},"end":{"line":40,"column":47}},"loc":{"start":{"line":40,"column":65},"end":{"line":44,"column":7}}}},"branchMap":{},"s":{"0":2,"1":2,"2":2,"3":2,"4":2,"5":2,"6":0,"7":0,"8":2,"9":1,"10":1,"11":1,"12":1,"13":1,"14":1,"15":1,"16":1,"17":1,"18":2,"19":2},"f":{"0":0,"1":0,"2":2,"3":1,"4":1,"5":1},"b":{}}
,"C:\\Users\\Митрий\\Desktop\\dev\\stellar-burgers\\src\\services\\slices\\orderSlice.ts": {"path":"C:\\Users\\Митрий\\Desktop\\dev\\stellar-burgers\\src\\services\\slices\\orderSlice.ts","statementMap":{"0":{"start":{"line":1,"column":0},"end":{"line":1,"column":65}},"1":{"start":{"line":2,"column":0},"end":{"line":2,"column":43}},"2":{"start":{"line":11,"column":33},"end":{"line":15,"column":2}},"3":{"start":{"line":47,"column":25},"end":{"line":47,"column":42}},"4":{"start":{"line":17,"column":13},"end":{"line":20,"column":2}},"5":{"start":{"line":19,"column":22},"end":{"line":19,"column":null}},"6":{"start":{"line":22,"column":19},"end":{"line":45,"column":2}},"7":{"start":{"line":27,"column":33},"end":{"line":27,"column":null}},"8":{"start":{"line":30,"column":4},"end":{"line":43,"column":9}},"9":{"start":{"line":32,"column":8},"end":{"line":32,"column":31}},"10":{"start":{"line":33,"column":8},"end":{"line":33,"column":27}},"11":{"start":{"line":35,"column":54},"end":{"line":35,"column":56}},"12":{"start":{"line":36,"column":8},"end":{"line":36,"column":32}},"13":{"start":{"line":37,"column":8},"end":{"line":37,"column":46}},"14":{"start":{"line":39,"column":57},"end":{"line":39,"column":59}},"15":{"start":{"line":40,"column":8},"end":{"line":40,"column":32}},"16":{"start":{"line":41,"column":8},"end":{"line":41,"column":27}},"17":{"start":{"line":42,"column":8},"end":{"line":42,"column":40}},"18":{"start":{"line":48,"column":15},"end":{"line":48,"column":57}},"19":{"start":{"line":50,"column":0},"end":{"line":50,"column":34}}},"fnMap":{"0":{"name":"(anonymous_0)","decl":{"start":{"line":19,"column":2},"end":{"line":19,"column":3}},"loc":{"start":{"line":19,"column":17},"end":{"line":19,"column":41}}},"1":{"name":"(anonymous_1)","decl":{"start":{"line":27,"column":22},"end":{"line":27,"column":23}},"loc":{"start":{"line":27,"column":28},"end":{"line":27,"column":38}}},"2":{"name":"(anonymous_2)","decl":{"start":{"line":29,"column":17},"end":{"line":29,"column":18}},"loc":{"start":{"line":29,"column":25},"end":{"line":44,"column":3}}},"3":{"name":"(anonymous_3)","decl":{"start":{"line":31,"column":38},"end":{"line":31,"column":39}},"loc":{"start":{"line":31,"column":44},"end":{"line":34,"column":7}}},"4":{"name":"(anonymous_4)","decl":{"start":{"line":35,"column":39},"end":{"line":35,"column":40}},"loc":{"start":{"line":35,"column":56},"end":{"line":38,"column":7}}},"5":{"name":"(anonymous_5)","decl":{"start":{"line":39,"column":40},"end":{"line":39,"column":41}},"loc":{"start":{"line":39,"column":59},"end":{"line":43,"column":7}}}},"branchMap":{},"s":{"0":2,"1":2,"2":2,"3":2,"4":2,"5":0,"6":2,"7":0,"8":2,"9":1,"10":1,"11":1,"12":1,"13":1,"14":1,"15":1,"16":1,"17":1,"18":2,"19":2},"f":{"0":0,"1":0,"2":2,"3":1,"4":1,"5":1},"b":{}}
,"C:\\Users\\Митрий\\Desktop\\dev\\stellar-burgers\\src\\services\\slices\\userSlice.ts": {"path":"C:\\Users\\Митрий\\Desktop\\dev\\stellar-burgers\\src\\services\\slices\\userSlice.ts","statementMap":{"0":{"start":{"line":1,"column":0},"end":{"line":1,"column":65}},"1":{"start":{"line":2,"column":0},"end":{"line":2,"column":128}},"2":{"start":{"line":5,"column":0},"end":{"line":5,"column":61}},"3":{"start":{"line":14,"column":32},"end":{"line":19,"column":2}},"4":{"start":{"line":169,"column":25},"end":{"line":169,"column":41}},"5":{"start":{"line":21,"column":13},"end":{"line":24,"column":2}},"6":{"start":{"line":23,"column":29},"end":{"line":23,"column":null}},"7":{"start":{"line":26,"column":13},"end":{"line":29,"column":2}},"8":{"start":{"line":28,"column":35},"end":{"line":28,"column":null}},"9":{"start":{"line":31,"column":13},"end":{"line":31,"column":74}},"10":{"start":{"line":33,"column":13},"end":{"line":36,"column":2}},"11":{"start":{"line":35,"column":36},"end":{"line":35,"column":null}},"12":{"start":{"line":38,"column":13},"end":{"line":41,"column":2}},"13":{"start":{"line":40,"column":31},"end":{"line":40,"column":null}},"14":{"start":{"line":43,"column":13},"end":{"line":46,"column":2}},"15":{"start":{"line":45,"column":49},"end":{"line":45,"column":null}},"16":{"start":{"line":48,"column":13},"end":{"line":48,"column":69}},"17":{"start":{"line":50,"column":13},"end":{"line":167,"column":3}},"18":{"start":{"line":55,"column":6},"end":{"line":55,"column":25}},"19":{"start":{"line":59,"column":37},"end":{"line":59,"column":null}},"20":{"start":{"line":60,"column":32},"end":{"line":60,"column":null}},"21":{"start":{"line":61,"column":37},"end":{"line":61,"column":null}},"22":{"start":{"line":62,"column":37},"end":{"line":62,"column":null}},"23":{"start":{"line":65,"column":4},"end":{"line":165,"column":9}},"24":{"start":{"line":67,"column":8},"end":{"line":67,"column":31}},"25":{"start":{"line":68,"column":8},"end":{"line":68,"column":27}},"26":{"start":{"line":70,"column":55},"end":{"line":70,"column":57}},"27":{"start":{"line":71,"column":8},"end":{"line":71,"column":32}},"28":{"start":{"line":72,"column":8},"end":{"line":72,"column":46}},"29":{"start":{"line":74,"column":58},"end":{"line":74,"column":60}},"30":{"start":{"line":75,"column":8},"end":{"line":75,"column":32}},"31":{"start":{"line":76,"column":8},"end":{"line":76,"column":27}},"32":{"start":{"line":77,"column":8},"end":{"line":77,"column":34}},"33":{"start":{"line":78,"column":8},"end":{"line":78,"column":34}},"34":{"start":{"line":79,"column":8},"end":{"line":79,"column":54}},"35":{"start":{"line":80,"column":8},"end":{"line":80,"column":67}},"36":{"start":{"line":83,"column":8},"end":{"line":83,"column":31}},"37":{"start":{"line":84,"column":8},"end":{"line":84,"column":27}},"38":{"start":{"line":86,"column":58},"end":{"line":86,"column":60}},"39":{"start":{"line":87,"column":8},"end":{"line":87,"column":32}},"40":{"start":{"line":88,"column":8},"end":{"line":88,"column":46}},"41":{"start":{"line":90,"column":61},"end":{"line":90,"column":63}},"42":{"start":{"line":91,"column":8},"end":{"line":91,"column":32}},"43":{"start":{"line":92,"column":8},"end":{"line":92,"column":27}},"44":{"start":{"line":93,"column":8},"end":{"line":93,"column":34}},"45":{"start":{"line":94,"column":8},"end":{"line":94,"column":34}},"46":{"start":{"line":95,"column":8},"end":{"line":95,"column":54}},"47":{"start":{"line":96,"column":8},"end":{"line":96,"column":67}},"48":{"start":{"line":99,"column":8},"end":{"line":99,"column":31}},"49":{"start":{"line":100,"column":8},"end":{"line":100,"column":27}},"50":{"start":{"line":102,"column":56},"end":{"line":102,"column":58}},"51":{"start":{"line":103,"column":8},"end":{"line":103,"column":32}},"52":{"start":{"line":104,"column":8},"end":{"line":104,"column":46}},"53":{"start":{"line":106,"column":59},"end":{"line":106,"column":61}},"54":{"start":{"line":107,"column":8},"end":{"line":107,"column":32}},"55":{"start":{"line":108,"column":8},"end":{"line":108,"column":27}},"56":{"start":{"line":109,"column":8},"end":{"line":109,"column":26}},"57":{"start":{"line":110,"column":8},"end":{"line":110,"column":35}},"58":{"start":{"line":111,"column":8},"end":{"line":111,"column":36}},"59":{"start":{"line":112,"column":8},"end":{"line":112,"column":48}},"60":{"start":{"line":115,"column":8},"end":{"line":115,"column":31}},"61":{"start":{"line":116,"column":8},"end":{"line":116,"column":27}},"62":{"start":{"line":118,"column":56},"end":{"line":118,"column":58}},"63":{"start":{"line":119,"column":8},"end":{"line":119,"column":32}},"64":{"start":{"line":120,"column":8},"end":{"line":120,"column":46}},"65":{"start":{"line":122,"column":59},"end":{"line":122,"column":61}},"66":{"start":{"line":123,"column":8},"end":{"line":123,"column":32}},"67":{"start":{"line":124,"column":8},"end":{"line":124,"column":27}},"68":{"start":{"line":125,"column":8},"end":{"line":125,"column":34}},"69":{"start":{"line":126,"column":8},"end":{"line":126,"column":34}},"70":{"start":{"line":129,"column":8},"end":{"line":129,"column":31}},"71":{"start":{"line":130,"column":8},"end":{"line":130,"column":27}},"72":{"start":{"line":132,"column":60},"end":{"line":132,"column":62}},"73":{"start":{"line":133,"column":8},"end":{"line":133,"column":32}},"74":{"start":{"line":134,"column":8},"end":{"line":134,"column":46}},"75":{"start":{"line":137,"column":8},"end":{"line":137,"column":32}},"76":{"start":{"line":138,"column":8},"end":{"line":138,"column":27}},"77":{"start":{"line":141,"column":8},"end":{"line":141,"column":31}},"78":{"start":{"line":142,"column":8},"end":{"line":142,"column":27}},"79":{"start":{"line":144,"column":59},"end":{"line":144,"column":61}},"80":{"start":{"line":145,"column":8},"end":{"line":145,"column":32}},"81":{"start":{"line":146,"column":8},"end":{"line":146,"column":46}},"82":{"start":{"line":149,"column":8},"end":{"line":149,"column":32}},"83":{"start":{"line":150,"column":8},"end":{"line":150,"column":27}},"84":{"start":{"line":153,"column":8},"end":{"line":153,"column":31}},"85":{"start":{"line":154,"column":8},"end":{"line":154,"column":27}},"86":{"start":{"line":156,"column":53},"end":{"line":156,"column":55}},"87":{"start":{"line":157,"column":8},"end":{"line":157,"column":32}},"88":{"start":{"line":158,"column":8},"end":{"line":158,"column":46}},"89":{"start":{"line":160,"column":56},"end":{"line":160,"column":58}},"90":{"start":{"line":161,"column":8},"end":{"line":161,"column":32}},"91":{"start":{"line":162,"column":8},"end":{"line":162,"column":27}},"92":{"start":{"line":163,"column":8},"end":{"line":163,"column":34}},"93":{"start":{"line":164,"column":8},"end":{"line":164,"column":34}},"94":{"start":{"line":170,"column":15},"end":{"line":170,"column":52}},"95":{"start":{"line":171,"column":15},"end":{"line":172,"column":49}},"96":{"start":{"line":174,"column":0},"end":{"line":174,"column":33}}},"fnMap":{"0":{"name":"(anonymous_0)","decl":{"start":{"line":23,"column":2},"end":{"line":23,"column":3}},"loc":{"start":{"line":23,"column":24},"end":{"line":23,"column":41}}},"1":{"name":"(anonymous_1)","decl":{"start":{"line":28,"column":2},"end":{"line":28,"column":3}},"loc":{"start":{"line":28,"column":30},"end":{"line":28,"column":50}}},"2":{"name":"(anonymous_2)","decl":{"start":{"line":35,"column":2},"end":{"line":35,"column":3}},"loc":{"start":{"line":35,"column":31},"end":{"line":35,"column":49}}},"3":{"name":"(anonymous_3)","decl":{"start":{"line":40,"column":2},"end":{"line":40,"column":3}},"loc":{"start":{"line":40,"column":26},"end":{"line":40,"column":48}}},"4":{"name":"(anonymous_4)","decl":{"start":{"line":45,"column":2},"end":{"line":45,"column":3}},"loc":{"start":{"line":45,"column":44},"end":{"line":45,"column":65}}},"5":{"name":"(anonymous_5)","decl":{"start":{"line":54,"column":20},"end":{"line":54,"column":21}},"loc":{"start":{"line":54,"column":26},"end":{"line":56,"column":5}}},"6":{"name":"(anonymous_6)","decl":{"start":{"line":59,"column":26},"end":{"line":59,"column":27}},"loc":{"start":{"line":59,"column":32},"end":{"line":59,"column":42}}},"7":{"name":"(anonymous_7)","decl":{"start":{"line":60,"column":21},"end":{"line":60,"column":22}},"loc":{"start":{"line":60,"column":27},"end":{"line":60,"column":37}}},"8":{"name":"(anonymous_8)","decl":{"start":{"line":61,"column":26},"end":{"line":61,"column":27}},"loc":{"start":{"line":61,"column":32},"end":{"line":61,"column":42}}},"9":{"name":"(anonymous_9)","decl":{"start":{"line":62,"column":26},"end":{"line":62,"column":27}},"loc":{"start":{"line":62,"column":32},"end":{"line":62,"column":42}}},"10":{"name":"(anonymous_10)","decl":{"start":{"line":64,"column":17},"end":{"line":64,"column":18}},"loc":{"start":{"line":64,"column":25},"end":{"line":166,"column":3}}},"11":{"name":"(anonymous_11)","decl":{"start":{"line":66,"column":39},"end":{"line":66,"column":40}},"loc":{"start":{"line":66,"column":45},"end":{"line":69,"column":7}}},"12":{"name":"(anonymous_12)","decl":{"start":{"line":70,"column":40},"end":{"line":70,"column":41}},"loc":{"start":{"line":70,"column":57},"end":{"line":73,"column":7}}},"13":{"name":"(anonymous_13)","decl":{"start":{"line":74,"column":41},"end":{"line":74,"column":42}},"loc":{"start":{"line":74,"column":60},"end":{"line":81,"column":7}}},"14":{"name":"(anonymous_14)","decl":{"start":{"line":82,"column":42},"end":{"line":82,"column":43}},"loc":{"start":{"line":82,"column":48},"end":{"line":85,"column":7}}},"15":{"name":"(anonymous_15)","decl":{"start":{"line":86,"column":43},"end":{"line":86,"column":44}},"loc":{"start":{"line":86,"column":60},"end":{"line":89,"column":7}}},"16":{"name":"(anonymous_16)","decl":{"start":{"line":90,"column":44},"end":{"line":90,"column":45}},"loc":{"start":{"line":90,"column":63},"end":{"line":97,"column":7}}},"17":{"name":"(anonymous_17)","decl":{"start":{"line":98,"column":40},"end":{"line":98,"column":41}},"loc":{"start":{"line":98,"column":46},"end":{"line":101,"column":7}}},"18":{"name":"(anonymous_18)","decl":{"start":{"line":102,"column":41},"end":{"line":102,"column":42}},"loc":{"start":{"line":102,"column":58},"end":{"line":105,"column":7}}},"19":{"name":"(anonymous_19)","decl":{"start":{"line":106,"column":42},"end":{"line":106,"column":43}},"loc":{"start":{"line":106,"column":61},"end":{"line":113,"column":7}}},"20":{"name":"(anonymous_20)","decl":{"start":{"line":114,"column":40},"end":{"line":114,"column":41}},"loc":{"start":{"line":114,"column":46},"end":{"line":117,"column":7}}},"21":{"name":"(anonymous_21)","decl":{"start":{"line":118,"column":41},"end":{"line":118,"column":42}},"loc":{"start":{"line":118,"column":58},"end":{"line":121,"column":7}}},"22":{"name":"(anonymous_22)","decl":{"start":{"line":122,"column":42},"end":{"line":122,"column":43}},"loc":{"start":{"line":122,"column":61},"end":{"line":127,"column":7}}},"23":{"name":"(anonymous_23)","decl":{"start":{"line":128,"column":44},"end":{"line":128,"column":45}},"loc":{"start":{"line":128,"column":50},"end":{"line":131,"column":7}}},"24":{"name":"(anonymous_24)","decl":{"start":{"line":132,"column":45},"end":{"line":132,"column":46}},"loc":{"start":{"line":132,"column":62},"end":{"line":135,"column":7}}},"25":{"name":"(anonymous_25)","decl":{"start":{"line":136,"column":46},"end":{"line":136,"column":47}},"loc":{"start":{"line":136,"column":52},"end":{"line":139,"column":7}}},"26":{"name":"(anonymous_26)","decl":{"start":{"line":140,"column":43},"end":{"line":140,"column":44}},"loc":{"start":{"line":140,"column":49},"end":{"line":143,"column":7}}},"27":{"name":"(anonymous_27)","decl":{"start":{"line":144,"column":44},"end":{"line":144,"column":45}},"loc":{"start":{"line":144,"column":61},"end":{"line":147,"column":7}}},"28":{"name":"(anonymous_28)","decl":{"start":{"line":148,"column":45},"end":{"line":148,"column":46}},"loc":{"start":{"line":148,"column":51},"end":{"line":151,"column":7}}},"29":{"name":"(anonymous_29)","decl":{"start":{"line":152,"column":37},"end":{"line":152,"column":38}},"loc":{"start":{"line":152,"column":43},"end":{"line":155,"column":7}}},"30":{"name":"(anonymous_30)","decl":{"start":{"line":156,"column":38},"end":{"line":156,"column":39}},"loc":{"start":{"line":156,"column":55},"end":{"line":159,"column":7}}},"31":{"name":"(anonymous_31)","decl":{"start":{"line":160,"column":39},"end":{"line":160,"column":40}},"loc":{"start":{"line":160,"column":58},"end":{"line":165,"column":7}}}},"branchMap":{},"s":{"0":2,"1":2,"2":2,"3":2,"4":2,"5":2,"6":0,"7":2,"8":0,"9":2,"10":2,"11":0,"12":2,"13":0,"14":2,"15":0,"16":2,"17":2,"18":0,"19":0,"20":0,"21":0,"22":0,"23":2,"24":1,"25":1,"26":1,"27":1,"28":1,"29":1,"30":1,"31":1,"32":1,"33":1,"34":1,"35":1,"36":1,"37":1,"38":1,"39":1,"40":1,"41":1,"42":1,"43":1,"44":1,"45":1,"46":1,"47":1,"48":1,"49":1,"50":1,"51":1,"52":1,"53":1,"54":1,"55":1,"56":1,"57":1,"58":1,"59":1,"60":1,"61":1,"62":1,"63":1,"64":1,"65":1,"66":1,"67":1,"68":1,"69":1,"70":1,"71":1,"72":1,"73":1,"74":1,"75":1,"76":1,"77":1,"78":1,"79":1,"80":1,"81":1,"82":1,"83":1,"84":1,"85":1,"86":1,"87":1,"88":1,"89":1,"90":1,"91":1,"92":1,"93":1,"94":2,"95":2,"96":2},"f":{"0":0,"1":0,"2":0,"3":0,"4":0,"5":0,"6":0,"7":0,"8":0,"9":0,"10":2,"11":1,"12":1,"13":1,"14":1,"15":1,"16":1,"17":1,"18":1,"19":1,"20":1,"21":1,"22":1,"23":1,"24":1,"25":1,"26":1,"27":1,"28":1,"29":1,"30":1,"31":1},"b":{}}
,"C:\\Users\\Митрий\\Desktop\\dev\\stellar-burgers\\src\\utils\\burger-api.ts": {"path":"C:\\Users\\Митрий\\Desktop\\dev\\stellar-burgers\\src\\utils\\burger-api.ts","statementMap":{"0":{"start":{"line":1,"column":0},"end":{"line":1,"column":48}},"1":{"start":{"line":5,"column":13},"end":{"line":5,"column":46}},"2":{"start":{"line":7,"column":22},"end":{"line":8,"column":5}},"3":{"start":{"line":8,"column":2},"end":{"line":8,"column":70}},"4":{"start":{"line":8,"column":49},"end":{"line":8,"column":69}},"5":{"start":{"line":19,"column":28},"end":{"line":20,"column":7}},"6":{"start":{"line":20,"column":2},"end":{"line":37,"column":7}},"7":{"start":{"line":29,"column":19},"end":{"line":29,"column":56}},"8":{"start":{"line":31,"column":6},"end":{"line":33,"column":7}},"9":{"start":{"line":32,"column":8},"end":{"line":32,"column":43}},"10":{"start":{"line":34,"column":6},"end":{"line":34,"column":69}},"11":{"start":{"line":35,"column":6},"end":{"line":35,"column":56}},"12":{"start":{"line":36,"column":6},"end":{"line":36,"column":25}},"13":{"start":{"line":19,"column":13},"end":{"line":19,"column":28}},"14":{"start":{"line":39,"column":32},"end":{"line":59,"column":2}},"15":{"start":{"line":41,"column":22},"end":{"line":59,"column":2}},"16":{"start":{"line":44,"column":16},"end":{"line":44,"column":null}},"17":{"start":{"line":44,"column":10},"end":{"line":44,"column":null}},"18":{"start":{"line":45,"column":11},"end":{"line":45,"column":39}},"19":{"start":{"line":45,"column":4},"end":{"line":45,"column":39}},"20":{"start":{"line":47,"column":8},"end":{"line":47,"column":9}},"21":{"start":{"line":48,"column":26},"end":{"line":48,"column":null}},"22":{"start":{"line":48,"column":12},"end":{"line":48,"column":null}},"23":{"start":{"line":49,"column":6},"end":{"line":52,"column":7}},"24":{"start":{"line":50,"column":9},"end":{"line":51,"column":34}},"25":{"start":{"line":53,"column":18},"end":{"line":53,"column":null}},"26":{"start":{"line":53,"column":12},"end":{"line":53,"column":null}},"27":{"start":{"line":54,"column":13},"end":{"line":54,"column":41}},"28":{"start":{"line":54,"column":6},"end":{"line":54,"column":41}},"29":{"start":{"line":56,"column":6},"end":{"line":56,"column":33}},"30":{"start":{"line":39,"column":13},"end":{"line":39,"column":32}},"31":{"start":{"line":75,"column":33},"end":{"line":76,"column":7}},"32":{"start":{"line":76,"column":2},"end":{"line":81,"column":7}},"33":{"start":{"line":77,"column":19},"end":{"line":77,"column":60}},"34":{"start":{"line":79,"column":6},"end":{"line":79,"column":42}},"35":{"start":{"line":79,"column":25},"end":{"line":79,"column":42}},"36":{"start":{"line":80,"column":6},"end":{"line":80,"column":34}},"37":{"start":{"line":75,"column":13},"end":{"line":75,"column":33}},"38":{"start":{"line":83,"column":27},"end":{"line":84,"column":7}},"39":{"start":{"line":84,"column":2},"end":{"line":89,"column":7}},"40":{"start":{"line":85,"column":19},"end":{"line":85,"column":54}},"41":{"start":{"line":87,"column":6},"end":{"line":87,"column":37}},"42":{"start":{"line":87,"column":25},"end":{"line":87,"column":37}},"43":{"start":{"line":88,"column":6},"end":{"line":88,"column":34}},"44":{"start":{"line":83,"column":13},"end":{"line":83,"column":27}},"45":{"start":{"line":91,"column":28},"end":{"line":92,"column":18}},"46":{"start":{"line":92,"column":2},"end":{"line":101,"column":5}},"47":{"start":{"line":99,"column":4},"end":{"line":99,"column":42}},"48":{"start":{"line":99,"column":23},"end":{"line":99,"column":42}},"49":{"start":{"line":100,"column":4},"end":{"line":100,"column":32}},"50":{"start":{"line":91,"column":13},"end":{"line":91,"column":28}},"51":{"start":{"line":108,"column":30},"end":{"line":109,"column":18}},"52":{"start":{"line":109,"column":2},"end":{"line":121,"column":5}},"53":{"start":{"line":119,"column":4},"end":{"line":119,"column":35}},"54":{"start":{"line":119,"column":23},"end":{"line":119,"column":35}},"55":{"start":{"line":120,"column":4},"end":{"line":120,"column":32}},"56":{"start":{"line":108,"column":13},"end":{"line":108,"column":30}},"57":{"start":{"line":127,"column":35},"end":{"line":128,"column":7}},"58":{"start":{"line":128,"column":2},"end":{"line":133,"column":55}},"59":{"start":{"line":133,"column":19},"end":{"line":133,"column":54}},"60":{"start":{"line":127,"column":13},"end":{"line":127,"column":35}},"61":{"start":{"line":147,"column":31},"end":{"line":148,"column":7}},"62":{"start":{"line":148,"column":2},"end":{"line":159,"column":7}},"63":{"start":{"line":155,"column":19},"end":{"line":155,"column":53}},"64":{"start":{"line":157,"column":6},"end":{"line":157,"column":37}},"65":{"start":{"line":157,"column":25},"end":{"line":157,"column":37}},"66":{"start":{"line":158,"column":6},"end":{"line":158,"column":34}},"67":{"start":{"line":147,"column":13},"end":{"line":147,"column":31}},"68":{"start":{"line":166,"column":28},"end":{"line":167,"column":7}},"69":{"start":{"line":167,"column":2},"end":{"line":178,"column":7}},"70":{"start":{"line":174,"column":19},"end":{"line":174,"column":53}},"71":{"start":{"line":176,"column":6},"end":{"line":176,"column":37}},"72":{"start":{"line":176,"column":25},"end":{"line":176,"column":37}},"73":{"start":{"line":177,"column":6},"end":{"line":177,"column":34}},"74":{"start":{"line":166,"column":13},"end":{"line":166,"column":28}},"75":{"start":{"line":180,"column":33},"end":{"line":181,"column":7}},"76":{"start":{"line":181,"column":2},"end":{"line":192,"column":7}},"77":{"start":{"line":188,"column":19},"end":{"line":188,"column":59}},"78":{"start":{"line":190,"column":6},"end":{"line":190,"column":37}},"79":{"start":{"line":190,"column":25},"end":{"line":190,"column":37}},"80":{"start":{"line":191,"column":6},"end":{"line":191,"column":34}},"81":{"start":{"line":180,"column":13},"end":{"line":180,"column":33}},"82":{"start":{"line":194,"column":32},"end":{"line":195,"column":7}},"83":{"start":{"line":195,"column":2},"end":{"line":206,"column":7}},"84":{"start":{"line":202,"column":19},"end":{"line":202,"column":59}},"85":{"start":{"line":204,"column":6},"end":{"line":204,"column":37}},"86":{"start":{"line":204,"column":25},"end":{"line":204,"column":37}},"87":{"start":{"line":205,"column":6},"end":{"line":205,"column":34}},"88":{"start":{"line":194,"column":13},"end":{"line":194,"column":32}},"89":{"start":{"line":210,"column":26},"end":{"line":211,"column":18}},"90":{"start":{"line":211,"column":2},"end":{"line":215,"column":5}},"91":{"start":{"line":210,"column":13},"end":{"line":210,"column":26}},"92":{"start":{"line":217,"column":29},"end":{"line":218,"column":18}},"93":{"start":{"line":218,"column":2},"end":{"line":225,"column":5}},"94":{"start":{"line":217,"column":13},"end":{"line":217,"column":29}},"95":{"start":{"line":227,"column":25},"end":{"line":228,"column":7}},"96":{"start":{"line":228,"column":2},"end":{"line":236,"column":60}},"97":{"start":{"line":236,"column":19},"end":{"line":236,"column":59}},"98":{"start":{"line":227,"column":13},"end":{"line":227,"column":25}}},"fnMap":{"0":{"name":"(anonymous_13)","decl":{"start":{"line":7,"column":22},"end":{"line":7,"column":26}},"loc":{"start":{"line":7,"column":39},"end":{"line":8,"column":5}}},"1":{"name":"(anonymous_14)","decl":{"start":{"line":8,"column":40},"end":{"line":8,"column":41}},"loc":{"start":{"line":8,"column":44},"end":{"line":8,"column":56}}},"2":{"name":"(anonymous_15)","decl":{"start":{"line":19,"column":28},"end":{"line":19,"column":null}},"loc":{"start":{"line":19,"column":28},"end":{"line":20,"column":7}}},"3":{"name":"(anonymous_16)","decl":{"start":{"line":29,"column":10},"end":{"line":29,"column":11}},"loc":{"start":{"line":29,"column":14},"end":{"line":29,"column":32}}},"4":{"name":"(anonymous_17)","decl":{"start":{"line":30,"column":10},"end":{"line":30,"column":11}},"loc":{"start":{"line":30,"column":22},"end":{"line":37,"column":5}}},"5":{"name":"(anonymous_18)","decl":{"start":{"line":39,"column":32},"end":{"line":39,"column":null}},"loc":{"start":{"line":41,"column":22},"end":{"line":59,"column":2}}},"6":{"name":"(anonymous_19)","decl":{"start":{"line":41,"column":22},"end":{"line":41,"column":null}},"loc":{"start":{"line":41,"column":22},"end":{"line":59,"column":2}}},"7":{"name":"(anonymous_21)","decl":{"start":{"line":75,"column":33},"end":{"line":75,"column":null}},"loc":{"start":{"line":75,"column":33},"end":{"line":76,"column":7}}},"8":{"name":"(anonymous_22)","decl":{"start":{"line":77,"column":10},"end":{"line":77,"column":11}},"loc":{"start":{"line":77,"column":14},"end":{"line":77,"column":32}}},"9":{"name":"(anonymous_23)","decl":{"start":{"line":78,"column":10},"end":{"line":78,"column":11}},"loc":{"start":{"line":78,"column":15},"end":{"line":81,"column":5}}},"10":{"name":"(anonymous_24)","decl":{"start":{"line":83,"column":27},"end":{"line":83,"column":null}},"loc":{"start":{"line":83,"column":27},"end":{"line":84,"column":7}}},"11":{"name":"(anonymous_25)","decl":{"start":{"line":85,"column":10},"end":{"line":85,"column":11}},"loc":{"start":{"line":85,"column":14},"end":{"line":85,"column":32}}},"12":{"name":"(anonymous_26)","decl":{"start":{"line":86,"column":10},"end":{"line":86,"column":11}},"loc":{"start":{"line":86,"column":15},"end":{"line":89,"column":5}}},"13":{"name":"(anonymous_27)","decl":{"start":{"line":91,"column":28},"end":{"line":91,"column":null}},"loc":{"start":{"line":91,"column":28},"end":{"line":92,"column":18}}},"14":{"name":"(anonymous_28)","decl":{"start":{"line":98,"column":10},"end":{"line":98,"column":11}},"loc":{"start":{"line":98,"column":15},"end":{"line":101,"column":3}}},"15":{"name":"(anonymous_29)","decl":{"start":{"line":108,"column":30},"end":{"line":108,"column":31}},"loc":{"start":{"line":108,"column":45},"end":{"line":109,"column":18}}},"16":{"name":"(anonymous_30)","decl":{"start":{"line":118,"column":10},"end":{"line":118,"column":11}},"loc":{"start":{"line":118,"column":15},"end":{"line":121,"column":3}}},"17":{"name":"(anonymous_31)","decl":{"start":{"line":127,"column":35},"end":{"line":127,"column":36}},"loc":{"start":{"line":127,"column":50},"end":{"line":128,"column":7}}},"18":{"name":"(anonymous_32)","decl":{"start":{"line":133,"column":10},"end":{"line":133,"column":11}},"loc":{"start":{"line":133,"column":14},"end":{"line":133,"column":32}}},"19":{"name":"(anonymous_33)","decl":{"start":{"line":147,"column":31},"end":{"line":147,"column":32}},"loc":{"start":{"line":147,"column":51},"end":{"line":148,"column":7}}},"20":{"name":"(anonymous_34)","decl":{"start":{"line":155,"column":10},"end":{"line":155,"column":11}},"loc":{"start":{"line":155,"column":14},"end":{"line":155,"column":32}}},"21":{"name":"(anonymous_35)","decl":{"start":{"line":156,"column":10},"end":{"line":156,"column":11}},"loc":{"start":{"line":156,"column":15},"end":{"line":159,"column":5}}},"22":{"name":"(anonymous_36)","decl":{"start":{"line":166,"column":28},"end":{"line":166,"column":29}},"loc":{"start":{"line":166,"column":45},"end":{"line":167,"column":7}}},"23":{"name":"(anonymous_37)","decl":{"start":{"line":174,"column":10},"end":{"line":174,"column":11}},"loc":{"start":{"line":174,"column":14},"end":{"line":174,"column":32}}},"24":{"name":"(anonymous_38)","decl":{"start":{"line":175,"column":10},"end":{"line":175,"column":11}},"loc":{"start":{"line":175,"column":15},"end":{"line":178,"column":5}}},"25":{"name":"(anonymous_39)","decl":{"start":{"line":180,"column":33},"end":{"line":180,"column":34}},"loc":{"start":{"line":180,"column":57},"end":{"line":181,"column":7}}},"26":{"name":"(anonymous_40)","decl":{"start":{"line":188,"column":10},"end":{"line":188,"column":11}},"loc":{"start":{"line":188,"column":14},"end":{"line":188,"column":32}}},"27":{"name":"(anonymous_41)","decl":{"start":{"line":189,"column":10},"end":{"line":189,"column":11}},"loc":{"start":{"line":189,"column":15},"end":{"line":192,"column":5}}},"28":{"name":"(anonymous_42)","decl":{"start":{"line":194,"column":32},"end":{"line":194,"column":33}},"loc":{"start":{"line":194,"column":74},"end":{"line":195,"column":7}}},"29":{"name":"(anonymous_43)","decl":{"start":{"line":202,"column":10},"end":{"line":202,"column":11}},"loc":{"start":{"line":202,"column":14},"end":{"line":202,"column":32}}},"30":{"name":"(anonymous_44)","decl":{"start":{"line":203,"column":10},"end":{"line":203,"column":11}},"loc":{"start":{"line":203,"column":15},"end":{"line":206,"column":5}}},"31":{"name":"(anonymous_45)","decl":{"start":{"line":210,"column":26},"end":{"line":210,"column":null}},"loc":{"start":{"line":210,"column":26},"end":{"line":211,"column":18}}},"32":{"name":"(anonymous_46)","decl":{"start":{"line":217,"column":29},"end":{"line":217,"column":30}},"loc":{"start":{"line":217,"column":58},"end":{"line":218,"column":18}}},"33":{"name":"(anonymous_47)","decl":{"start":{"line":227,"column":25},"end":{"line":227,"column":null}},"loc":{"start":{"line":227,"column":25},"end":{"line":228,"column":7}}},"34":{"name":"(anonymous_48)","decl":{"start":{"line":236,"column":10},"end":{"line":236,"column":11}},"loc":{"start":{"line":236,"column":14},"end":{"line":236,"column":32}}}},"branchMap":{"0":{"loc":{"start":{"line":8,"column":2},"end":{"line":8,"column":69}},"type":"cond-expr","locations":[{"start":{"line":8,"column":11},"end":{"line":8,"column":21}},{"start":{"line":8,"column":24},"end":{"line":8,"column":69}}]},"1":{"loc":{"start":{"line":31,"column":6},"end":{"line":33,"column":7}},"type":"if","locations":[{"start":{"line":31,"column":6},"end":{"line":33,"column":7}}]},"2":{"loc":{"start":{"line":45,"column":4},"end":{"line":45,"column":39}},"type":"switch","locations":[{"start":{"line":45,"column":4},"end":{"line":45,"column":39}},{"start":{"line":54,"column":6},"end":{"line":54,"column":41}},{"start":{"line":56,"column":6},"end":{"line":56,"column":33}}]},"3":{"loc":{"start":{"line":47,"column":8},"end":{"line":47,"column":9}},"type":"if","locations":[{"start":{"line":47,"column":8},"end":{"line":47,"column":9}}]},"4":{"loc":{"start":{"line":49,"column":6},"end":{"line":52,"column":7}},"type":"if","locations":[{"start":{"line":49,"column":6},"end":{"line":52,"column":7}}]},"5":{"loc":{"start":{"line":79,"column":6},"end":{"line":79,"column":42}},"type":"if","locations":[{"start":{"line":79,"column":6},"end":{"line":79,"column":42}}]},"6":{"loc":{"start":{"line":79,"column":10},"end":{"line":79,"column":23}},"type":"cond-expr","locations":[{"start":{"line":79,"column":14},"end":{"line":79,"column":16}},{"start":{"line":79,"column":10},"end":{"line":79,"column":23}}]},"7":{"loc":{"start":{"line":79,"column":10},"end":{"line":79,"column":16}},"type":"binary-expr","locations":[{"start":{"line":79,"column":10},"end":{"line":79,"column":16}},{"start":{"line":79,"column":10},"end":{"line":79,"column":16}}]},"8":{"loc":{"start":{"line":87,"column":6},"end":{"line":87,"column":37}},"type":"if","locations":[{"start":{"line":87,"column":6},"end":{"line":87,"column":37}}]},"9":{"loc":{"start":{"line":87,"column":10},"end":{"line":87,"column":23}},"type":"cond-expr","locations":[{"start":{"line":87,"column":14},"end":{"line":87,"column":16}},{"start":{"line":87,"column":10},"end":{"line":87,"column":23}}]},"10":{"loc":{"start":{"line":87,"column":10},"end":{"line":87,"column":16}},"type":"binary-expr","locations":[{"start":{"line":87,"column":10},"end":{"line":87,"column":16}},{"start":{"line":87,"column":10},"end":{"line":87,"column":16}}]},"11":{"loc":{"start":{"line":99,"column":4},"end":{"line":99,"column":42}},"type":"if","locations":[{"start":{"line":99,"column":4},"end":{"line":99,"column":42}}]},"12":{"loc":{"start":{"line":99,"column":8},"end":{"line":99,"column":21}},"type":"cond-expr","locations":[{"start":{"line":99,"column":12},"end":{"line":99,"column":14}},{"start":{"line":99,"column":8},"end":{"line":99,"column":21}}]},"13":{"loc":{"start":{"line":99,"column":8},"end":{"line":99,"column":14}},"type":"binary-expr","locations":[{"start":{"line":99,"column":8},"end":{"line":99,"column":14}},{"start":{"line":99,"column":8},"end":{"line":99,"column":14}}]},"14":{"loc":{"start":{"line":119,"column":4},"end":{"line":119,"column":35}},"type":"if","locations":[{"start":{"line":119,"column":4},"end":{"line":119,"column":35}}]},"15":{"loc":{"start":{"line":119,"column":8},"end":{"line":119,"column":21}},"type":"cond-expr","locations":[{"start":{"line":119,"column":12},"end":{"line":119,"column":14}},{"start":{"line":119,"column":8},"end":{"line":119,"column":21}}]},"16":{"loc":{"start":{"line":119,"column":8},"end":{"line":119,"column":14}},"type":"binary-expr","locations":[{"start":{"line":119,"column":8},"end":{"line":119,"column":14}},{"start":{"line":119,"column":8},"end":{"line":119,"column":14}}]},"17":{"loc":{"start":{"line":157,"column":6},"end":{"line":157,"column":37}},"type":"if","locations":[{"start":{"line":157,"column":6},"end":{"line":157,"column":37}}]},"18":{"loc":{"start":{"line":157,"column":10},"end":{"line":157,"column":23}},"type":"cond-expr","locations":[{"start":{"line":157,"column":14},"end":{"line":157,"column":16}},{"start":{"line":157,"column":10},"end":{"line":157,"column":23}}]},"19":{"loc":{"start":{"line":157,"column":10},"end":{"line":157,"column":16}},"type":"binary-expr","locations":[{"start":{"line":157,"column":10},"end":{"line":157,"column":16}},{"start":{"line":157,"column":10},"end":{"line":157,"column":16}}]},"20":{"loc":{"start":{"line":176,"column":6},"end":{"line":176,"column":37}},"type":"if","locations":[{"start":{"line":176,"column":6},"end":{"line":176,"column":37}}]},"21":{"loc":{"start":{"line":176,"column":10},"end":{"line":176,"column":23}},"type":"cond-expr","locations":[{"start":{"line":176,"column":14},"end":{"line":176,"column":16}},{"start":{"line":176,"column":10},"end":{"line":176,"column":23}}]},"22":{"loc":{"start":{"line":176,"column":10},"end":{"line":176,"column":16}},"type":"binary-expr","locations":[{"start":{"line":176,"column":10},"end":{"line":176,"column":16}},{"start":{"line":176,"column":10},"end":{"line":176,"column":16}}]},"23":{"loc":{"start":{"line":190,"column":6},"end":{"line":190,"column":37}},"type":"if","locations":[{"start":{"line":190,"column":6},"end":{"line":190,"column":37}}]},"24":{"loc":{"start":{"line":190,"column":10},"end":{"line":190,"column":23}},"type":"cond-expr","locations":[{"start":{"line":190,"column":14},"end":{"line":190,"column":16}},{"start":{"line":190,"column":10},"end":{"line":190,"column":23}}]},"25":{"loc":{"start":{"line":190,"column":10},"end":{"line":190,"column":16}},"type":"binary-expr","locations":[{"start":{"line":190,"column":10},"end":{"line":190,"column":16}},{"start":{"line":190,"column":10},"end":{"line":190,"column":16}}]},"26":{"loc":{"start":{"line":204,"column":6},"end":{"line":204,"column":37}},"type":"if","locations":[{"start":{"line":204,"column":6},"end":{"line":204,"column":37}}]},"27":{"loc":{"start":{"line":204,"column":10},"end":{"line":204,"column":23}},"type":"cond-expr","locations":[{"start":{"line":204,"column":14},"end":{"line":204,"column":16}},{"start":{"line":204,"column":10},"end":{"line":204,"column":23}}]},"28":{"loc":{"start":{"line":204,"column":10},"end":{"line":204,"column":16}},"type":"binary-expr","locations":[{"start":{"line":204,"column":10},"end":{"line":204,"column":16}},{"start":{"line":204,"column":10},"end":{"line":204,"column":16}}]}},"s":{"0":6,"1":6,"2":6,"3":0,"4":0,"5":6,"6":0,"7":0,"8":0,"9":0,"10":0,"11":0,"12":0,"13":6,"14":6,"15":0,"16":0,"17":0,"18":0,"19":0,"20":0,"21":0,"22":0,"23":0,"24":0,"25":0,"26":0,"27":0,"28":0,"29":0,"30":6,"31":6,"32":0,"33":0,"34":0,"35":0,"36":0,"37":6,"38":6,"39":0,"40":0,"41":0,"42":0,"43":0,"44":6,"45":6,"46":0,"47":0,"48":0,"49":0,"50":6,"51":6,"52":0,"53":0,"54":0,"55":0,"56":6,"57":6,"58":0,"59":0,"60":6,"61":6,"62":0,"63":0,"64":0,"65":0,"66":0,"67":6,"68":6,"69":0,"70":0,"71":0,"72":0,"73":0,"74":6,"75":6,"76":0,"77":0,"78":0,"79":0,"80":0,"81":6,"82":6,"83":0,"84":0,"85":0,"86":0,"87":0,"88":6,"89":6,"90":0,"91":6,"92":6,"93":0,"94":6,"95":6,"96":0,"97":0,"98":6},"f":{"0":0,"1":0,"2":0,"3":0,"4":0,"5":0,"6":0,"7":0,"8":0,"9":0,"10":0,"11":0,"12":0,"13":0,"14":0,"15":0,"16":0,"17":0,"18":0,"19":0,"20":0,"21":0,"22":0,"23":0,"24":0,"25":0,"26":0,"27":0,"28":0,"29":0,"30":0,"31":0,"32":0,"33":0,"34":0},"b":{"0":[0,0],"1":[0],"2":[0,0,0],"3":[0],"4":[0],"5":[0],"6":[0,0],"7":[0,0],"8":[0],"9":[0,0],"10":[0,0],"11":[0],"12":[0,0],"13":[0,0],"14":[0],"15":[0,0],"16":[0,0],"17":[0],"18":[0,0],"19":[0,0],"20":[0],"21":[0,0],"22":[0,0],"23":[0],"24":[0,0],"25":[0,0],"26":[0],"27":[0,0],"28":[0,0]}}
,"C:\\Users\\Митрий\\Desktop\\dev\\stellar-burgers\\src\\utils\\cookie.ts": {"path":"C:\\Users\\Митрий\\Desktop\\dev\\stellar-burgers\\src\\utils\\cookie.ts","statementMap":{"0":{"start":{"line":2,"column":18},"end":{"line":8,"column":null}},"1":{"start":{"line":10,"column":2},"end":{"line":10,"column":62}},"2":{"start":{"line":1,"column":0},"end":{"line":1,"column":16}},"3":{"start":{"line":16,"column":2},"end":{"line":16,"column":null}},"4":{"start":{"line":18,"column":2},"end":{"line":21,"column":4}},"5":{"start":{"line":23,"column":12},"end":{"line":23,"column":25}},"6":{"start":{"line":24,"column":2},"end":{"line":28,"column":3}},"7":{"start":{"line":25,"column":14},"end":{"line":25,"column":24}},"8":{"start":{"line":26,"column":4},"end":{"line":26,"column":40}},"9":{"start":{"line":27,"column":4},"end":{"line":27,"column":28}},"10":{"start":{"line":30,"column":2},"end":{"line":32,"column":3}},"11":{"start":{"line":31,"column":4},"end":{"line":31,"column":38}},"12":{"start":{"line":33,"column":2},"end":{"line":33,"column":36}},"13":{"start":{"line":34,"column":22},"end":{"line":34,"column":40}},"14":{"start":{"line":35,"column":2},"end":{"line":41,"column":3}},"15":{"start":{"line":36,"column":4},"end":{"line":36,"column":37}},"16":{"start":{"line":37,"column":22},"end":{"line":37,"column":37}},"17":{"start":{"line":38,"column":4},"end":{"line":40,"column":5}},"18":{"start":{"line":39,"column":6},"end":{"line":39,"column":39}},"19":{"start":{"line":42,"column":2},"end":{"line":42,"column":34}},"20":{"start":{"line":13,"column":0},"end":{"line":13,"column":16}},"21":{"start":{"line":46,"column":2},"end":{"line":46,"column":39}},"22":{"start":{"line":45,"column":0},"end":{"line":45,"column":16}}},"fnMap":{"0":{"name":"getCookie","decl":{"start":{"line":1,"column":16},"end":{"line":1,"column":25}},"loc":{"start":{"line":1,"column":38},"end":{"line":11,"column":1}}},"1":{"name":"setCookie","decl":{"start":{"line":13,"column":16},"end":{"line":13,"column":25}},"loc":{"start":{"line":16,"column":65},"end":{"line":43,"column":1}}},"2":{"name":"deleteCookie","decl":{"start":{"line":45,"column":16},"end":{"line":45,"column":28}},"loc":{"start":{"line":45,"column":41},"end":{"line":47,"column":1}}}},"branchMap":{"0":{"loc":{"start":{"line":10,"column":9},"end":{"line":10,"column":61}},"type":"cond-expr","locations":[{"start":{"line":10,"column":19},"end":{"line":10,"column":49}},{"start":{"line":10,"column":52},"end":{"line":10,"column":61}}]},"1":{"loc":{"start":{"line":16,"column":2},"end":{"line":16,"column":null}},"type":"if","locations":[{"start":{"line":16,"column":2},"end":{"line":16,"column":null}}]},"2":{"loc":{"start":{"line":24,"column":2},"end":{"line":28,"column":3}},"type":"if","locations":[{"start":{"line":24,"column":2},"end":{"line":28,"column":3}}]},"3":{"loc":{"start":{"line":24,"column":6},"end":{"line":24,"column":36}},"type":"binary-expr","locations":[{"start":{"line":24,"column":6},"end":{"line":24,"column":9}},{"start":{"line":24,"column":13},"end":{"line":24,"column":36}}]},"4":{"loc":{"start":{"line":30,"column":2},"end":{"line":32,"column":3}},"type":"if","locations":[{"start":{"line":30,"column":2},"end":{"line":32,"column":3}}]},"5":{"loc":{"start":{"line":30,"column":6},"end":{"line":30,"column":32}},"type":"binary-expr","locations":[{"start":{"line":30,"column":6},"end":{"line":30,"column":9}},{"start":{"line":30,"column":13},"end":{"line":30,"column":32}}]},"6":{"loc":{"start":{"line":38,"column":4},"end":{"line":40,"column":5}},"type":"if","locations":[{"start":{"line":38,"column":4},"end":{"line":40,"column":5}}]}},"s":{"0":0,"1":0,"2":6,"3":5,"4":3,"5":3,"6":3,"7":1,"8":1,"9":1,"10":3,"11":1,"12":3,"13":3,"14":3,"15":4,"16":4,"17":4,"18":4,"19":3,"20":6,"21":1,"22":6},"f":{"0":0,"1":3,"2":1},"b":{"0":[0,0],"1":[2],"2":[1],"3":[3,1],"4":[1],"5":[3,1],"6":[4]}}
}
