TN:
SF:src\services\store.ts
FN:32,(anonymous_1)
FNF:1
FNH:0
FNDA:0,(anonymous_1)
DA:1,1
DA:3,1
DA:4,1
DA:5,1
DA:6,1
DA:7,1
DA:9,1
DA:15,1
DA:23,1
DA:32,1
DA:33,1
DA:35,1
LF:12
LH:12
BRF:0
BRH:0
end_of_record
TN:
SF:src\services\slices\constructorSlice.ts
FN:29,(anonymous_0)
FN:36,(anonymous_1)
FN:43,(anonymous_2)
FN:46,(anonymous_3)
FN:49,(anonymous_4)
FN:52,(anonymous_5)
FN:55,(anonymous_6)
FN:64,(anonymous_7)
FN:75,(anonymous_8)
FN:77,(anonymous_9)
FN:81,(anonymous_10)
FN:85,(anonymous_11)
FN:109,(anonymous_12)
FNF:13
FNH:6
FNDA:0,(anonymous_0)
FNDA:1,(anonymous_1)
FNDA:1,(anonymous_2)
FNDA:2,(anonymous_3)
FNDA:0,(anonymous_4)
FNDA:0,(anonymous_5)
FNDA:1,(anonymous_6)
FNDA:1,(anonymous_7)
FNDA:2,(anonymous_8)
FNDA:0,(anonymous_9)
FNDA:0,(anonymous_10)
FNDA:0,(anonymous_11)
FNDA:0,(anonymous_12)
DA:1,2
DA:3,2
DA:16,2
DA:27,2
DA:29,0
DA:32,2
DA:37,1
DA:38,0
DA:40,1
DA:44,1
DA:46,2
DA:50,0
DA:53,0
DA:56,1
DA:65,1
DA:76,2
DA:78,0
DA:79,0
DA:81,0
DA:82,0
DA:83,0
DA:85,0
DA:86,0
DA:87,0
DA:88,0
DA:89,0
DA:90,0
DA:98,2
DA:101,2
DA:109,2
DA:111,2
LF:31
LH:16
BRDA:37,0,0,0
BRDA:37,0,1,1
BRF:2
BRH:1
end_of_record
TN:
SF:src\services\slices\feedSlice.ts
FN:33,(anonymous_0)
FN:34,(anonymous_1)
FN:36,(anonymous_2)
FN:38,(anonymous_3)
FN:42,(anonymous_4)
FN:46,(anonymous_5)
FN:53,(anonymous_6)
FN:57,(anonymous_7)
FN:61,(anonymous_8)
FNF:9
FNH:7
FNDA:0,(anonymous_0)
FNDA:0,(anonymous_1)
FNDA:2,(anonymous_2)
FNDA:1,(anonymous_3)
FNDA:1,(anonymous_4)
FNDA:1,(anonymous_5)
FNDA:1,(anonymous_6)
FNDA:1,(anonymous_7)
FNDA:1,(anonymous_8)
DA:1,2
DA:2,2
DA:13,2
DA:21,2
DA:23,2
DA:28,2
DA:33,0
DA:34,0
DA:37,2
DA:39,1
DA:40,1
DA:42,1
DA:43,1
DA:44,1
DA:46,1
DA:47,1
DA:48,1
DA:49,1
DA:50,1
DA:51,1
DA:54,1
DA:55,1
DA:57,1
DA:58,1
DA:59,1
DA:61,1
DA:62,1
DA:63,1
DA:64,1
DA:69,2
DA:70,2
DA:72,2
LF:32
LH:30
BRF:0
BRH:0
end_of_record
TN:
SF:src\services\slices\index.ts
FNF:0
FNH:0
DA:1,1
DA:2,1
DA:3,1
DA:4,1
DA:5,1
LF:5
LH:5
BRF:0
BRH:0
end_of_record
TN:
SF:src\services\slices\ingredientsSlice.ts
FN:27,(anonymous_0)
FN:28,(anonymous_1)
FN:30,(anonymous_2)
FN:32,(anonymous_3)
FN:36,(anonymous_4)
FN:40,(anonymous_5)
FNF:6
FNH:4
FNDA:0,(anonymous_0)
FNDA:0,(anonymous_1)
FNDA:2,(anonymous_2)
FNDA:1,(anonymous_3)
FNDA:1,(anonymous_4)
FNDA:1,(anonymous_5)
DA:1,2
DA:2,2
DA:11,2
DA:17,2
DA:22,2
DA:27,0
DA:28,0
DA:31,2
DA:33,1
DA:34,1
DA:36,1
DA:37,1
DA:38,1
DA:40,1
DA:41,1
DA:42,1
DA:43,1
DA:48,2
DA:49,2
DA:52,2
LF:20
LH:18
BRF:0
BRH:0
end_of_record
TN:
SF:src\services\slices\orderSlice.ts
FN:19,(anonymous_0)
FN:27,(anonymous_1)
FN:29,(anonymous_2)
FN:31,(anonymous_3)
FN:35,(anonymous_4)
FN:39,(anonymous_5)
FNF:6
FNH:4
FNDA:0,(anonymous_0)
FNDA:0,(anonymous_1)
FNDA:2,(anonymous_2)
FNDA:1,(anonymous_3)
FNDA:1,(anonymous_4)
FNDA:1,(anonymous_5)
DA:1,2
DA:2,2
DA:11,2
DA:17,2
DA:19,0
DA:22,2
DA:27,0
DA:30,2
DA:32,1
DA:33,1
DA:35,1
DA:36,1
DA:37,1
DA:39,1
DA:40,1
DA:41,1
DA:42,1
DA:47,2
DA:48,2
DA:50,2
LF:20
LH:18
BRF:0
BRH:0
end_of_record
TN:
SF:src\services\slices\userSlice.ts
FN:23,(anonymous_0)
FN:28,(anonymous_1)
FN:35,(anonymous_2)
FN:40,(anonymous_3)
FN:45,(anonymous_4)
FN:54,(anonymous_5)
FN:59,(anonymous_6)
FN:60,(anonymous_7)
FN:61,(anonymous_8)
FN:62,(anonymous_9)
FN:64,(anonymous_10)
FN:66,(anonymous_11)
FN:70,(anonymous_12)
FN:74,(anonymous_13)
FN:82,(anonymous_14)
FN:86,(anonymous_15)
FN:90,(anonymous_16)
FN:98,(anonymous_17)
FN:102,(anonymous_18)
FN:106,(anonymous_19)
FN:114,(anonymous_20)
FN:118,(anonymous_21)
FN:122,(anonymous_22)
FN:128,(anonymous_23)
FN:132,(anonymous_24)
FN:136,(anonymous_25)
FN:140,(anonymous_26)
FN:144,(anonymous_27)
FN:148,(anonymous_28)
FN:152,(anonymous_29)
FN:156,(anonymous_30)
FN:160,(anonymous_31)
FNF:32
FNH:22
FNDA:0,(anonymous_0)
FNDA:0,(anonymous_1)
FNDA:0,(anonymous_2)
FNDA:0,(anonymous_3)
FNDA:0,(anonymous_4)
FNDA:0,(anonymous_5)
FNDA:0,(anonymous_6)
FNDA:0,(anonymous_7)
FNDA:0,(anonymous_8)
FNDA:0,(anonymous_9)
FNDA:2,(anonymous_10)
FNDA:1,(anonymous_11)
FNDA:1,(anonymous_12)
FNDA:1,(anonymous_13)
FNDA:1,(anonymous_14)
FNDA:1,(anonymous_15)
FNDA:1,(anonymous_16)
FNDA:1,(anonymous_17)
FNDA:1,(anonymous_18)
FNDA:1,(anonymous_19)
FNDA:1,(anonymous_20)
FNDA:1,(anonymous_21)
FNDA:1,(anonymous_22)
FNDA:1,(anonymous_23)
FNDA:1,(anonymous_24)
FNDA:1,(anonymous_25)
FNDA:1,(anonymous_26)
FNDA:1,(anonymous_27)
FNDA:1,(anonymous_28)
FNDA:1,(anonymous_29)
FNDA:1,(anonymous_30)
FNDA:1,(anonymous_31)
DA:1,2
DA:2,2
DA:5,2
DA:14,2
DA:21,2
DA:23,0
DA:26,2
DA:28,0
DA:31,2
DA:33,2
DA:35,0
DA:38,2
DA:40,0
DA:43,2
DA:45,0
DA:48,2
DA:50,2
DA:55,0
DA:59,0
DA:60,0
DA:61,0
DA:62,0
DA:65,2
DA:67,1
DA:68,1
DA:70,1
DA:71,1
DA:72,1
DA:74,1
DA:75,1
DA:76,1
DA:77,1
DA:78,1
DA:79,1
DA:80,1
DA:83,1
DA:84,1
DA:86,1
DA:87,1
DA:88,1
DA:90,1
DA:91,1
DA:92,1
DA:93,1
DA:94,1
DA:95,1
DA:96,1
DA:99,1
DA:100,1
DA:102,1
DA:103,1
DA:104,1
DA:106,1
DA:107,1
DA:108,1
DA:109,1
DA:110,1
DA:111,1
DA:112,1
DA:115,1
DA:116,1
DA:118,1
DA:119,1
DA:120,1
DA:122,1
DA:123,1
DA:124,1
DA:125,1
DA:126,1
DA:129,1
DA:130,1
DA:132,1
DA:133,1
DA:134,1
DA:137,1
DA:138,1
DA:141,1
DA:142,1
DA:144,1
DA:145,1
DA:146,1
DA:149,1
DA:150,1
DA:153,1
DA:154,1
DA:156,1
DA:157,1
DA:158,1
DA:160,1
DA:161,1
DA:162,1
DA:163,1
DA:164,1
DA:169,2
DA:170,2
DA:171,2
DA:174,2
LF:97
LH:87
BRF:0
BRH:0
end_of_record
TN:
SF:src\utils\burger-api.ts
FN:7,(anonymous_13)
FN:8,(anonymous_14)
FN:19,(anonymous_15)
FN:29,(anonymous_16)
FN:30,(anonymous_17)
FN:39,(anonymous_18)
FN:41,(anonymous_19)
FN:75,(anonymous_21)
FN:77,(anonymous_22)
FN:78,(anonymous_23)
FN:83,(anonymous_24)
FN:85,(anonymous_25)
FN:86,(anonymous_26)
FN:91,(anonymous_27)
FN:98,(anonymous_28)
FN:108,(anonymous_29)
FN:118,(anonymous_30)
FN:127,(anonymous_31)
FN:133,(anonymous_32)
FN:147,(anonymous_33)
FN:155,(anonymous_34)
FN:156,(anonymous_35)
FN:166,(anonymous_36)
FN:174,(anonymous_37)
FN:175,(anonymous_38)
FN:180,(anonymous_39)
FN:188,(anonymous_40)
FN:189,(anonymous_41)
FN:194,(anonymous_42)
FN:202,(anonymous_43)
FN:203,(anonymous_44)
FN:210,(anonymous_45)
FN:217,(anonymous_46)
FN:227,(anonymous_47)
FN:236,(anonymous_48)
FNF:35
FNH:0
FNDA:0,(anonymous_13)
FNDA:0,(anonymous_14)
FNDA:0,(anonymous_15)
FNDA:0,(anonymous_16)
FNDA:0,(anonymous_17)
FNDA:0,(anonymous_18)
FNDA:0,(anonymous_19)
FNDA:0,(anonymous_21)
FNDA:0,(anonymous_22)
FNDA:0,(anonymous_23)
FNDA:0,(anonymous_24)
FNDA:0,(anonymous_25)
FNDA:0,(anonymous_26)
FNDA:0,(anonymous_27)
FNDA:0,(anonymous_28)
FNDA:0,(anonymous_29)
FNDA:0,(anonymous_30)
FNDA:0,(anonymous_31)
FNDA:0,(anonymous_32)
FNDA:0,(anonymous_33)
FNDA:0,(anonymous_34)
FNDA:0,(anonymous_35)
FNDA:0,(anonymous_36)
FNDA:0,(anonymous_37)
FNDA:0,(anonymous_38)
FNDA:0,(anonymous_39)
FNDA:0,(anonymous_40)
FNDA:0,(anonymous_41)
FNDA:0,(anonymous_42)
FNDA:0,(anonymous_43)
FNDA:0,(anonymous_44)
FNDA:0,(anonymous_45)
FNDA:0,(anonymous_46)
FNDA:0,(anonymous_47)
FNDA:0,(anonymous_48)
DA:1,6
DA:5,6
DA:7,6
DA:8,0
DA:19,6
DA:20,0
DA:29,0
DA:31,0
DA:32,0
DA:34,0
DA:35,0
DA:36,0
DA:39,6
DA:41,0
DA:44,0
DA:45,0
DA:47,0
DA:48,0
DA:49,0
DA:50,0
DA:53,0
DA:54,0
DA:56,0
DA:75,6
DA:76,0
DA:77,0
DA:79,0
DA:80,0
DA:83,6
DA:84,0
DA:85,0
DA:87,0
DA:88,0
DA:91,6
DA:92,0
DA:99,0
DA:100,0
DA:108,6
DA:109,0
DA:119,0
DA:120,0
DA:127,6
DA:128,0
DA:133,0
DA:147,6
DA:148,0
DA:155,0
DA:157,0
DA:158,0
DA:166,6
DA:167,0
DA:174,0
DA:176,0
DA:177,0
DA:180,6
DA:181,0
DA:188,0
DA:190,0
DA:191,0
DA:194,6
DA:195,0
DA:202,0
DA:204,0
DA:205,0
DA:210,6
DA:211,0
DA:217,6
DA:218,0
DA:227,6
DA:228,0
DA:236,0
LF:71
LH:17
BRDA:8,0,0,0
BRDA:8,0,1,0
BRDA:31,1,0,0
BRDA:45,2,0,0
BRDA:45,2,1,0
BRDA:45,2,2,0
BRDA:47,3,0,0
BRDA:49,4,0,0
BRDA:79,5,0,0
BRDA:79,6,0,0
BRDA:79,6,1,0
BRDA:79,7,0,0
BRDA:79,7,1,0
BRDA:87,8,0,0
BRDA:87,9,0,0
BRDA:87,9,1,0
BRDA:87,10,0,0
BRDA:87,10,1,0
BRDA:99,11,0,0
BRDA:99,12,0,0
BRDA:99,12,1,0
BRDA:99,13,0,0
BRDA:99,13,1,0
BRDA:119,14,0,0
BRDA:119,15,0,0
BRDA:119,15,1,0
BRDA:119,16,0,0
BRDA:119,16,1,0
BRDA:157,17,0,0
BRDA:157,18,0,0
BRDA:157,18,1,0
BRDA:157,19,0,0
BRDA:157,19,1,0
BRDA:176,20,0,0
BRDA:176,21,0,0
BRDA:176,21,1,0
BRDA:176,22,0,0
BRDA:176,22,1,0
BRDA:190,23,0,0
BRDA:190,24,0,0
BRDA:190,24,1,0
BRDA:190,25,0,0
BRDA:190,25,1,0
BRDA:204,26,0,0
BRDA:204,27,0,0
BRDA:204,27,1,0
BRDA:204,28,0,0
BRDA:204,28,1,0
BRF:48
BRH:0
end_of_record
TN:
SF:src\utils\cookie.ts
FN:1,getCookie
FN:13,setCookie
FN:45,deleteCookie
FNF:3
FNH:2
FNDA:0,getCookie
FNDA:3,setCookie
FNDA:1,deleteCookie
DA:1,6
DA:2,0
DA:10,0
DA:13,6
DA:16,5
DA:18,3
DA:23,3
DA:24,3
DA:25,1
DA:26,1
DA:27,1
DA:30,3
DA:31,1
DA:33,3
DA:34,3
DA:35,3
DA:36,4
DA:37,4
DA:38,4
DA:39,4
DA:42,3
DA:45,6
DA:46,1
LF:23
LH:21
BRDA:10,0,0,0
BRDA:10,0,1,0
BRDA:16,1,0,2
BRDA:24,2,0,1
BRDA:24,3,0,3
BRDA:24,3,1,1
BRDA:30,4,0,1
BRDA:30,5,0,3
BRDA:30,5,1,1
BRDA:38,6,0,4
BRF:10
BRH:8
end_of_record
